  pch.cpp
  Linked_List.cpp
C:\Users\avdot\Desktop\LabWorks\LabRab25\Linked_List\Linked_List.cpp(10,13): error C2143: syntax error: missing ';' before '<'
C:\Users\avdot\Desktop\LabWorks\LabRab25\Linked_List\Linked_List.cpp(20): message : see reference to class template instantiation 'Node<T>' being compiled
C:\Users\avdot\Desktop\LabWorks\LabRab25\Linked_List\Linked_List.cpp(10,1): error C4430: missing type specifier - int assumed. Note: C++ does not support default-int
C:\Users\avdot\Desktop\LabWorks\LabRab25\Linked_List\Linked_List.cpp(10,1): error C2238: unexpected token(s) preceding ';'
C:\Users\avdot\Desktop\LabWorks\LabRab25\Linked_List\Linked_List.cpp(11,15): error C2143: syntax error: missing ';' before '<'
C:\Users\avdot\Desktop\LabWorks\LabRab25\Linked_List\Linked_List.cpp(11,1): error C4430: missing type specifier - int assumed. Note: C++ does not support default-int
C:\Users\avdot\Desktop\LabWorks\LabRab25\Linked_List\Linked_List.cpp(11,1): error C2238: unexpected token(s) preceding ';'
C:\Users\avdot\Desktop\LabWorks\LabRab25\Linked_List\Linked_List.cpp(18,13): error C2039: 'cout': is not a member of 'std'
C:\Users\avdot\Desktop\LabWorks\LabRab25\Linked_List\predefined C++ types (compiler internal)(340): message : see declaration of 'std'
C:\Users\avdot\Desktop\LabWorks\LabRab25\Linked_List\Linked_List.cpp(42,15): error C2143: syntax error: missing ';' before '<'
C:\Users\avdot\Desktop\LabWorks\LabRab25\Linked_List\Linked_List.cpp(45): message : see reference to class template instantiation 'my_queue<T>' being compiled
C:\Users\avdot\Desktop\LabWorks\LabRab25\Linked_List\Linked_List.cpp(42,1): error C4430: missing type specifier - int assumed. Note: C++ does not support default-int
C:\Users\avdot\Desktop\LabWorks\LabRab25\Linked_List\Linked_List.cpp(42,1): error C2238: unexpected token(s) preceding ';'
C:\Users\avdot\Desktop\LabWorks\LabRab25\Linked_List\Linked_List.cpp(43,15): error C2143: syntax error: missing ';' before '<'
C:\Users\avdot\Desktop\LabWorks\LabRab25\Linked_List\Linked_List.cpp(43,1): error C4430: missing type specifier - int assumed. Note: C++ does not support default-int
C:\Users\avdot\Desktop\LabWorks\LabRab25\Linked_List\Linked_List.cpp(43,1): error C2238: unexpected token(s) preceding ';'
C:\Users\avdot\Desktop\LabWorks\LabRab25\Linked_List\Linked_List.cpp(67,5): error C3861: 'shared_ptr': identifier not found
C:\Users\avdot\Desktop\LabWorks\LabRab25\Linked_List\Linked_List.cpp(69,9): error C3861: 'tail': identifier not found
C:\Users\avdot\Desktop\LabWorks\LabRab25\Linked_List\Linked_List.cpp(69,20): error C3861: 'shared_ptr': identifier not found
C:\Users\avdot\Desktop\LabWorks\LabRab25\Linked_List\Linked_List.cpp(69,40): error C3861: 'obj': identifier not found
C:\Users\avdot\Desktop\LabWorks\LabRab25\Linked_List\Linked_List.cpp(72,9): error C3861: 'obj': identifier not found
C:\Users\avdot\Desktop\LabWorks\LabRab25\Linked_List\Linked_List.cpp(72,19): error C3861: 'weak_ptr': identifier not found
C:\Users\avdot\Desktop\LabWorks\LabRab25\Linked_List\Linked_List.cpp(72,37): error C3861: 'tail': identifier not found
C:\Users\avdot\Desktop\LabWorks\LabRab25\Linked_List\Linked_List.cpp(74,9): error C3861: 'obj': identifier not found
C:\Users\avdot\Desktop\LabWorks\LabRab25\Linked_List\Linked_List.cpp(75,9): error C3861: 'tail': identifier not found
C:\Users\avdot\Desktop\LabWorks\LabRab25\Linked_List\Linked_List.cpp(75,14): error C3861: 'shared_ptr': identifier not found
C:\Users\avdot\Desktop\LabWorks\LabRab25\Linked_List\Linked_List.cpp(75,34): error C3861: 'obj': identifier not found
C:\Users\avdot\Desktop\LabWorks\LabRab25\Linked_List\Linked_List.cpp(78,9): error C3861: 'head': identifier not found
C:\Users\avdot\Desktop\LabWorks\LabRab25\Linked_List\Linked_List.cpp(78,14): error C3861: 'shared_ptr': identifier not found
C:\Users\avdot\Desktop\LabWorks\LabRab25\Linked_List\Linked_List.cpp(78,34): error C3861: 'obj': identifier not found
C:\Users\avdot\Desktop\LabWorks\LabRab25\Linked_List\Linked_List.cpp(79,9): error C3861: 'tail': identifier not found
C:\Users\avdot\Desktop\LabWorks\LabRab25\Linked_List\Linked_List.cpp(79,15): error C3861: 'obj': identifier not found
C:\Users\avdot\Desktop\LabWorks\LabRab25\Linked_List\Linked_List.cpp(87,5): error C3861: 'shared_ptr': identifier not found
C:\Users\avdot\Desktop\LabWorks\LabRab25\Linked_List\Linked_List.cpp(89,9): error C3861: 'obj': identifier not found
C:\Users\avdot\Desktop\LabWorks\LabRab25\Linked_List\Linked_List.cpp(89,21): error C3861: 'shared_ptr': identifier not found
C:\Users\avdot\Desktop\LabWorks\LabRab25\Linked_List\Linked_List.cpp(89,41): error C3861: 'head': identifier not found
C:\Users\avdot\Desktop\LabWorks\LabRab25\Linked_List\Linked_List.cpp(91,9): error C3861: 'head': identifier not found
C:\Users\avdot\Desktop\LabWorks\LabRab25\Linked_List\Linked_List.cpp(91,22): error C3861: 'weak_ptr': identifier not found
C:\Users\avdot\Desktop\LabWorks\LabRab25\Linked_List\Linked_List.cpp(91,40): error C3861: 'obj': identifier not found
C:\Users\avdot\Desktop\LabWorks\LabRab25\Linked_List\Linked_List.cpp(92,9): error C3861: 'head': identifier not found
C:\Users\avdot\Desktop\LabWorks\LabRab25\Linked_List\Linked_List.cpp(92,16): error C3861: 'obj': identifier not found
C:\Users\avdot\Desktop\LabWorks\LabRab25\Linked_List\Linked_List.cpp(96,9): error C3861: 'head': identifier not found
C:\Users\avdot\Desktop\LabWorks\LabRab25\Linked_List\Linked_List.cpp(96,16): error C3861: 'shared_ptr': identifier not found
C:\Users\avdot\Desktop\LabWorks\LabRab25\Linked_List\Linked_List.cpp(96,36): error C3861: 'obj': identifier not found
C:\Users\avdot\Desktop\LabWorks\LabRab25\Linked_List\Linked_List.cpp(97,9): error C3861: 'tail': identifier not found
C:\Users\avdot\Desktop\LabWorks\LabRab25\Linked_List\Linked_List.cpp(97,16): error C3861: 'obj': identifier not found
C:\Users\avdot\Desktop\LabWorks\LabRab25\Linked_List\Linked_List.cpp(110,9): error C3861: 'head': identifier not found
C:\Users\avdot\Desktop\LabWorks\LabRab25\Linked_List\Linked_List.cpp(111,9): error C3861: 'tail': identifier not found
C:\Users\avdot\Desktop\LabWorks\LabRab25\Linked_List\Linked_List.cpp(114,9): error C3861: 'tail': identifier not found
C:\Users\avdot\Desktop\LabWorks\LabRab25\Linked_List\Linked_List.cpp(115,9): error C3861: 'tail': identifier not found
C:\Users\avdot\Desktop\LabWorks\LabRab25\Linked_List\Linked_List.cpp(115,16): error C3861: 'shared_ptr': identifier not found
C:\Users\avdot\Desktop\LabWorks\LabRab25\Linked_List\Linked_List.cpp(115,36): error C3861: 'tail': identifier not found
C:\Users\avdot\Desktop\LabWorks\LabRab25\Linked_List\Linked_List.cpp(123,12): error C3861: 'head': identifier not found
C:\Users\avdot\Desktop\LabWorks\LabRab25\Linked_List\Linked_List.cpp(128,12): error C3861: 'tail': identifier not found
C:\Users\avdot\Desktop\LabWorks\LabRab25\Linked_List\Linked_List.cpp(137,9): error C3861: 'head': identifier not found
C:\Users\avdot\Desktop\LabWorks\LabRab25\Linked_List\Linked_List.cpp(138,9): error C3861: 'tail': identifier not found
C:\Users\avdot\Desktop\LabWorks\LabRab25\Linked_List\Linked_List.cpp(141,9): error C3861: 'head': identifier not found
C:\Users\avdot\Desktop\LabWorks\LabRab25\Linked_List\Linked_List.cpp(141,16): error C3861: 'shared_ptr': identifier not found
C:\Users\avdot\Desktop\LabWorks\LabRab25\Linked_List\Linked_List.cpp(141,36): error C3861: 'head': identifier not found
C:\Users\avdot\Desktop\LabWorks\LabRab25\Linked_List\Linked_List.cpp(158,5): error C3861: 'shared_ptr': identifier not found
C:\Users\avdot\Desktop\LabWorks\LabRab25\Linked_List\Linked_List.cpp(158,25): error C3861: 'temp': identifier not found
C:\Users\avdot\Desktop\LabWorks\LabRab25\Linked_List\Linked_List.cpp(160,9): error C3861: 'temp': identifier not found
C:\Users\avdot\Desktop\LabWorks\LabRab25\Linked_List\Linked_List.cpp(160,14): error C3861: 'shared_ptr': identifier not found
C:\Users\avdot\Desktop\LabWorks\LabRab25\Linked_List\Linked_List.cpp(160,34): error C3861: 'head': identifier not found
C:\Users\avdot\Desktop\LabWorks\LabRab25\Linked_List\Linked_List.cpp(162,13): error C3861: 'temp': identifier not found
C:\Users\avdot\Desktop\LabWorks\LabRab25\Linked_List\Linked_List.cpp(162,18): error C3861: 'shared_ptr': identifier not found
C:\Users\avdot\Desktop\LabWorks\LabRab25\Linked_List\Linked_List.cpp(162,38): error C3861: 'temp': identifier not found
C:\Users\avdot\Desktop\LabWorks\LabRab25\Linked_List\Linked_List.cpp(166,9): error C3861: 'temp': identifier not found
C:\Users\avdot\Desktop\LabWorks\LabRab25\Linked_List\Linked_List.cpp(166,14): error C3861: 'shared_ptr': identifier not found
C:\Users\avdot\Desktop\LabWorks\LabRab25\Linked_List\Linked_List.cpp(166,34): error C3861: 'tail': identifier not found
C:\Users\avdot\Desktop\LabWorks\LabRab25\Linked_List\Linked_List.cpp(168,13): error C3861: 'temp': identifier not found
C:\Users\avdot\Desktop\LabWorks\LabRab25\Linked_List\Linked_List.cpp(168,21): error C3861: 'temp': identifier not found
C:\Users\avdot\Desktop\LabWorks\LabRab25\Linked_List\Linked_List.cpp(171,12): error C3861: 'temp': identifier not found
