c:\users\avdot\desktop\mathlibrary\debug\32dll.lib
c:\users\avdot\desktop\mathlibrary\debug\32dll.exp
c:\users\avdot\desktop\mathlibrary\mathlibrary\debug\32dll.pch
c:\users\avdot\desktop\mathlibrary\mathlibrary\debug\vc142.pdb
c:\users\avdot\desktop\mathlibrary\mathlibrary\debug\vc142.idb
c:\users\avdot\desktop\mathlibrary\mathlibrary\debug\pch.obj
c:\users\avdot\desktop\mathlibrary\mathlibrary\debug\dllmain.obj
c:\users\avdot\desktop\mathlibrary\mathlibrary\debug\32dll.ilk
c:\users\avdot\desktop\mathlibrary\debug\32dll.dll
c:\users\avdot\desktop\mathlibrary\debug\32dll.pdb
c:\users\avdot\desktop\labworks\5labrab_kluchinskiy\5labrab1\5labrab32withdll\mathlibrary\debug\dllmain.obj
c:\users\avdot\desktop\labworks\5labrab_kluchinskiy\5labrab1\5labrab32withdll\mathlibrary\debug\pch.obj
c:\users\avdot\desktop\labworks\5labrab_kluchinskiy\5labrab1\5labrab32withdll\mathlibrary\debug\32dll.ilk
c:\users\avdot\desktop\labworks\5labrab_kluchinskiy\5labrab1\5labrab32withdll\mathlibrary\debug\32dll.pch
c:\users\avdot\desktop\labworks\5labrab_kluchinskiy\5labrab1\5labrab32withdll\mathlibrary\debug\vc142.idb
c:\users\avdot\desktop\labworks\5labrab_kluchinskiy\5labrab1\5labrab32withdll\mathlibrary\debug\vc142.pdb
c:\users\avdot\desktop\labworks\5labrab_kluchinskiy\5labrab1\5labrab32withdll\debug\32dll.pdb
c:\users\avdot\desktop\labworks\5labrab_kluchinskiy\5labrab1\5labrab32withdll\debug\32dll.dll
c:\users\avdot\desktop\labworks\5labrab_kluchinskiy\5labrab1\5labrab32withdll\mathlibrary\debug\32dll.tlog\32dll.write.1u.tlog
c:\users\avdot\desktop\labworks\5labrab_kluchinskiy\5labrab1\5labrab32withdll\mathlibrary\debug\32dll.tlog\cl.command.1.tlog
c:\users\avdot\desktop\labworks\5labrab_kluchinskiy\5labrab1\5labrab32withdll\mathlibrary\debug\32dll.tlog\cl.read.1.tlog
c:\users\avdot\desktop\labworks\5labrab_kluchinskiy\5labrab1\5labrab32withdll\mathlibrary\debug\32dll.tlog\cl.write.1.tlog
c:\users\avdot\desktop\labworks\5labrab_kluchinskiy\5labrab1\5labrab32withdll\mathlibrary\debug\32dll.tlog\link.command.1.tlog
c:\users\avdot\desktop\labworks\5labrab_kluchinskiy\5labrab1\5labrab32withdll\mathlibrary\debug\32dll.tlog\link.read.1.tlog
c:\users\avdot\desktop\labworks\5labrab_kluchinskiy\5labrab1\5labrab32withdll\mathlibrary\debug\32dll.tlog\link.write.1.tlog
