c:\users\avdot\desktop\mathlibrary\mathlibrary\debug\mathlibrary.pch
c:\users\avdot\desktop\mathlibrary\mathlibrary\debug\vc142.pdb
c:\users\avdot\desktop\mathlibrary\mathlibrary\debug\vc142.idb
c:\users\avdot\desktop\mathlibrary\mathlibrary\debug\pch.obj
c:\users\avdot\desktop\mathlibrary\mathlibrary\debug\dllmain.obj
c:\users\avdot\desktop\mathlibrary\mathlibrary\debug\mathlibrary.ilk
c:\users\avdot\desktop\mathlibrary\debug\mathlibrary.dll
c:\users\avdot\desktop\mathlibrary\debug\mathlibrary.pdb
c:\users\avdot\desktop\mathlibrary\debug\mathlibrary.lib
c:\users\avdot\desktop\mathlibrary\debug\mathlibrary.exp
c:\users\avdot\desktop\labworks\5labrab_kluchinskiy\5labrab1\5labrab32withdll\mathlibrary\debug\dllmain.obj
c:\users\avdot\desktop\labworks\5labrab_kluchinskiy\5labrab1\5labrab32withdll\mathlibrary\debug\pch.obj
c:\users\avdot\desktop\labworks\5labrab_kluchinskiy\5labrab1\5labrab32withdll\mathlibrary\debug\32dll.ilk
c:\users\avdot\desktop\labworks\5labrab_kluchinskiy\5labrab1\5labrab32withdll\mathlibrary\debug\32dll.pch
c:\users\avdot\desktop\labworks\5labrab_kluchinskiy\5labrab1\5labrab32withdll\mathlibrary\debug\vc142.idb
c:\users\avdot\desktop\labworks\5labrab_kluchinskiy\5labrab1\5labrab32withdll\mathlibrary\debug\vc142.pdb
c:\users\avdot\desktop\labworks\5labrab_kluchinskiy\5labrab1\5labrab32withdll\debug\mathlibrary.pdb
c:\users\avdot\desktop\labworks\5labrab_kluchinskiy\5labrab1\5labrab32withdll\debug\mathlibrary.dll
c:\users\avdot\desktop\labworks\5labrab_kluchinskiy\5labrab1\5labrab32withdll\mathlibrary\debug\mathlibrary.tlog\cl.command.1.tlog
c:\users\avdot\desktop\labworks\5labrab_kluchinskiy\5labrab1\5labrab32withdll\mathlibrary\debug\mathlibrary.tlog\cl.read.1.tlog
c:\users\avdot\desktop\labworks\5labrab_kluchinskiy\5labrab1\5labrab32withdll\mathlibrary\debug\mathlibrary.tlog\cl.write.1.tlog
c:\users\avdot\desktop\labworks\5labrab_kluchinskiy\5labrab1\5labrab32withdll\mathlibrary\debug\mathlibrary.tlog\link.command.1.tlog
c:\users\avdot\desktop\labworks\5labrab_kluchinskiy\5labrab1\5labrab32withdll\mathlibrary\debug\mathlibrary.tlog\link.read.1.tlog
c:\users\avdot\desktop\labworks\5labrab_kluchinskiy\5labrab1\5labrab32withdll\mathlibrary\debug\mathlibrary.tlog\link.write.1.tlog
c:\users\avdot\desktop\labworks\5labrab_kluchinskiy\5labrab1\5labrab32withdll\mathlibrary\debug\mathlibrary.tlog\mathlibrary.write.1u.tlog
